<?xml version="1.0" encoding="UTF-8"?>
<testng-results skipped="0" failed="0" ignored="0" total="1" passed="1">
  <reporter-output>
  </reporter-output>
  <suite name="Default suite" duration-ms="9973" started-at="2020-09-05T00:58:22Z" finished-at="2020-09-05T00:58:32Z">
    <groups>
    </groups>
    <test name="Default test" duration-ms="9973" started-at="2020-09-05T00:58:22Z" finished-at="2020-09-05T00:58:32Z">
      <class name="test.TESTActitimeCreateCustomer">
        <test-method status="PASS" signature="customer()[pri:0, instance:test.TESTActitimeCreateCustomer@1e965684]" name="customer" duration-ms="9955" started-at="2020-09-05T00:58:22Z" finished-at="2020-09-05T00:58:32Z">
          <reporter-output>
          </reporter-output>
        </test-method> <!-- customer -->
      </class> <!-- test.TESTActitimeCreateCustomer -->
    </test> <!-- Default test -->
  </suite> <!-- Default suite -->
</testng-results>
